<?xml version="1.0" encoding="UTF-8"?>
<!-- Generated by org.testng.reporters.JUnitReportReporter -->
<testsuite hostname="Chetan" failures="0" tests="1" name="test.BuyTest" time="79.359" errors="0" timestamp="2022-06-03T11:42:07 IST" skipped="0">
  <testcase classname="test.BuyTest" name="buy" time="79.359"/>
  <system-out/>
</testsuite> <!-- test.BuyTest -->
